<?xml version="1.0" encoding="UTF-8"?>
<!-- Generated by org.testng.reporters.JUnitReportReporter -->
<testsuite hostname="Chintus" failures="0" tests="1" name="ThirdTest" time="0.025" errors="0" timestamp="2022-11-21T21:09:42 IST" skipped="0">
  <testcase classname="ThirdTest" name="thirdTest" time="0.025"/>
  <system-out/>
</testsuite> <!-- ThirdTest -->
