<?xml version="1.0" encoding="UTF-8"?>
<!-- Generated by org.testng.reporters.JUnitReportReporter -->
<testsuite hostname="Chintus" failures="0" tests="1" name="TC1contacts" time="0.025" errors="0" timestamp="2022-11-22T12:25:41 IST" skipped="0">
  <testcase classname="TC1contacts" name="tc1contacts" time="0.025"/>
  <system-out/>
</testsuite> <!-- TC1contacts -->
