<?xml version="1.0" encoding="UTF-8"?>
<!-- Generated by org.testng.reporters.JUnitReportReporter -->
<testsuite hostname="Chintus" failures="0" tests="1" name="SecondTest" time="0.024" errors="0" timestamp="2022-11-21T21:06:02 IST" skipped="0">
  <testcase classname="SecondTest" name="secondTest" time="0.024"/>
  <system-out/>
</testsuite> <!-- SecondTest -->
